app/build/outputs/logs/manifest-merger-debug-report.txt
-- Merging decision tree log ---
manifest
ADDED from src\main\AndroidManifest.xml:2:1-38:12
INJECTED from src\main\AndroidManifest.xml:2:1-38:12
INJECTED from src\main\AndroidManifest.xml:2:1-38:12
INJECTED from src\main\AndroidManifest.xml:2:1-38:12
MERGED from [AndroidYouTubePlayer-7.0.0.aar] AndroidManifest.xml:2:1-20:12
MERGED from [animated-vector-drawable-26.1.0.aar] AndroidManifest.xml:17:1-28:12
MERGED from [appcompat-v7-26.1.0.aar] AndroidManifest.xml:17:1-31:12
MERGED from [constraint-layout-1.1.0.aar] AndroidManifest.xml:2:1-11:12
MERGED from [design-26.1.0.aar] AndroidManifest.xml:17:1-31:12
MERGED from [extensions-1.1.1.aar] AndroidManifest.xml:17:1-30:12
MERGED from [livedata-1.1.1.aar] AndroidManifest.xml:17:1-22:12
MERGED from [livedata-core-1.1.1.aar] AndroidManifest.xml:17:1-22:12
MERGED from [palette-v7-26.1.0.aar] AndroidManifest.xml:17:1-28:12
MERGED from [reactivestreams-1.1.1.aar] AndroidManifest.xml:17:1-22:12
MERGED from [recyclerview-v7-26.1.0.aar] AndroidManifest.xml:17:1-28:12
MERGED from [runtime-1.0.0.aar] AndroidManifest.xml:17:1-30:12
MERGED from [runtime-1.1.1.aar] AndroidManifest.xml:17:1-22:12
MERGED from [support-compat-26.1.0.aar] AndroidManifest.xml:17:1-31:12
MERGED from [support-core-ui-26.1.0.aar] AndroidManifest.xml:17:1-31:12
MERGED from [support-core-utils-26.1.0.aar] AndroidManifest.xml:17:1-31:12
MERGED from [support-fragment-26.1.0.aar] AndroidManifest.xml:17:1-31:12
MERGED from [support-media-compat-26.1.0.aar] AndroidManifest.xml:17:1-31:12
MERGED from [support-v4-26.1.0.aar] AndroidManifest.xml:17:1-31:12
MERGED from [support-vector-drawable-26.1.0.aar] AndroidManifest.xml:17:1-28:12
MERGED from [transition-26.1.0.aar] AndroidManifest.xml:17:1-28:12
MERGED from [viewmodel-1.1.1.aar] AndroidManifest.xml:17:1-22:12
INJECTED from src\main\AndroidManifest.xml:2:1-38:12
INJECTED from src\main\AndroidManifest.xml:2:1-38:12
INJECTED from src\main\AndroidManifest.xml:2:1-38:12
	package
		ADDED from src\main\AndroidManifest.xml:3:5-32
		INJECTED from src\main\AndroidManifest.xml
		INJECTED from src\main\AndroidManifest.xml
	android:versionName
		INJECTED from src\main\AndroidManifest.xml
		ADDED from src\main\AndroidManifest.xml:2:1-38:12
		INJECTED from src\main\AndroidManifest.xml
	android:versionCode
		INJECTED from src\main\AndroidManifest.xml
		ADDED from src\main\AndroidManifest.xml:2:1-38:12
		INJECTED from src\main\AndroidManifest.xml
	xmlns:android
		ADDED from src\main\AndroidManifest.xml:2:11-69
uses-permission#android.permission.INTERNET
ADDED from src\main\AndroidManifest.xml:5:5-67
MERGED from [AndroidYouTubePlayer-7.0.0.aar] AndroidManifest.xml:11:5-67
MERGED from [AndroidYouTubePlayer-7.0.0.aar] AndroidManifest.xml:11:5-67
	android:name
		ADDED from src\main\AndroidManifest.xml:5:22-64
uses-permission#android.permission.READ_EXTERNAL_STORAGE
ADDED from src\main\AndroidManifest.xml:6:5-80
	android:name
		ADDED from src\main\AndroidManifest.xml:6:22-77
uses-permission#android.permission.WRITE_EXTERNAL_STORAGE
ADDED from src\main\AndroidManifest.xml:7:5-81
	android:name
		ADDED from src\main\AndroidManifest.xml:7:22-78
uses-permission#android.permission.CAMERA
ADDED from src\main\AndroidManifest.xml:8:5-65
	android:name
		ADDED from src\main\AndroidManifest.xml:8:22-62
uses-permission#android.permission.ACCESS_COARSE_LOCATION
ADDED from src\main\AndroidManifest.xml:9:5-80
	android:name
		ADDED from src\main\AndroidManifest.xml:9:22-78
application
ADDED from src\main\AndroidManifest.xml:11:5-36:19
MERGED from [AndroidYouTubePlayer-7.0.0.aar] AndroidManifest.xml:14:5-18:19
MERGED from [AndroidYouTubePlayer-7.0.0.aar] AndroidManifest.xml:14:5-18:19
MERGED from [animated-vector-drawable-26.1.0.aar] AndroidManifest.xml:22:5-26:19
MERGED from [animated-vector-drawable-26.1.0.aar] AndroidManifest.xml:22:5-26:19
MERGED from [appcompat-v7-26.1.0.aar] AndroidManifest.xml:25:5-29:19
MERGED from [appcompat-v7-26.1.0.aar] AndroidManifest.xml:25:5-29:19
MERGED from [constraint-layout-1.1.0.aar] AndroidManifest.xml:9:5-20
MERGED from [constraint-layout-1.1.0.aar] AndroidManifest.xml:9:5-20
MERGED from [design-26.1.0.aar] AndroidManifest.xml:25:5-29:19
MERGED from [design-26.1.0.aar] AndroidManifest.xml:25:5-29:19
MERGED from [extensions-1.1.1.aar] AndroidManifest.xml:22:5-28:19
MERGED from [extensions-1.1.1.aar] AndroidManifest.xml:22:5-28:19
MERGED from [palette-v7-26.1.0.aar] AndroidManifest.xml:22:5-26:19
MERGED from [palette-v7-26.1.0.aar] AndroidManifest.xml:22:5-26:19
MERGED from [recyclerview-v7-26.1.0.aar] AndroidManifest.xml:22:5-26:19
MERGED from [recyclerview-v7-26.1.0.aar] AndroidManifest.xml:22:5-26:19
MERGED from [runtime-1.0.0.aar] AndroidManifest.xml:24:5-28:19
MERGED from [runtime-1.0.0.aar] AndroidManifest.xml:24:5-28:19
MERGED from [support-compat-26.1.0.aar] AndroidManifest.xml:25:5-29:19
MERGED from [support-compat-26.1.0.aar] AndroidManifest.xml:25:5-29:19
MERGED from [support-core-ui-26.1.0.aar] AndroidManifest.xml:25:5-29:19
MERGED from [support-core-ui-26.1.0.aar] AndroidManifest.xml:25:5-29:19
MERGED from [support-core-utils-26.1.0.aar] AndroidManifest.xml:25:5-29:19
MERGED from [support-core-utils-26.1.0.aar] AndroidManifest.xml:25:5-29:19
MERGED from [support-fragment-26.1.0.aar] AndroidManifest.xml:25:5-29:19
MERGED from [support-fragment-26.1.0.aar] AndroidManifest.xml:25:5-29:19
MERGED from [support-media-compat-26.1.0.aar] AndroidManifest.xml:25:5-29:19
MERGED from [support-media-compat-26.1.0.aar] AndroidManifest.xml:25:5-29:19
MERGED from [support-v4-26.1.0.aar] AndroidManifest.xml:25:5-29:19
MERGED from [support-v4-26.1.0.aar] AndroidManifest.xml:25:5-29:19
MERGED from [support-vector-drawable-26.1.0.aar] AndroidManifest.xml:22:5-26:19
MERGED from [support-vector-drawable-26.1.0.aar] AndroidManifest.xml:22:5-26:19
MERGED from [transition-26.1.0.aar] AndroidManifest.xml:22:5-26:19
MERGED from [transition-26.1.0.aar] AndroidManifest.xml:22:5-26:19
	android:supportsRtl
		ADDED from src\main\AndroidManifest.xml:16:9-35
	android:label
		ADDED from src\main\AndroidManifest.xml:14:9-41
	android:roundIcon
		ADDED from src\main\AndroidManifest.xml:15:9-54
	android:icon
		ADDED from src\main\AndroidManifest.xml:13:9-43
	android:allowBackup
		ADDED from src\main\AndroidManifest.xml:12:9-35
	android:theme
		ADDED from src\main\AndroidManifest.xml:17:9-40
meta-data#android.app.searchable
ADDED from src\main\AndroidManifest.xml:18:9-19:49
	android:resource
		ADDED from src\main\AndroidManifest.xml:19:13-47
	android:name
		ADDED from src\main\AndroidManifest.xml:18:20-57
activity#com.tcv.peliculas.view.ListaPeliculasActivity
ADDED from src\main\AndroidManifest.xml:20:9-64
	android:name
		ADDED from src\main\AndroidManifest.xml:20:19-62
activity#com.tcv.peliculas.view.BuscadorActivity
ADDED from src\main\AndroidManifest.xml:21:9-58
	android:name
		ADDED from src\main\AndroidManifest.xml:21:19-56
activity#com.tcv.peliculas.view.CategoriasActivity
ADDED from src\main\AndroidManifest.xml:22:9-60
	android:name
		ADDED from src\main\AndroidManifest.xml:22:19-58
activity#com.tcv.peliculas.view.WelcomeActivity
ADDED from src\main\AndroidManifest.xml:23:9-57
	android:name
		ADDED from src\main\AndroidManifest.xml:23:19-55
activity#com.tcv.peliculas.view.FavoritosActivity
ADDED from src\main\AndroidManifest.xml:24:9-59
	android:name
		ADDED from src\main\AndroidManifest.xml:24:19-57
activity#com.tcv.peliculas.view.LoginActivity
ADDED from src\main\AndroidManifest.xml:25:9-33:20
	android:name
		ADDED from src\main\AndroidManifest.xml:25:19-53
intent-filter#android.intent.action.MAIN+android.intent.category.LAUNCHER
ADDED from src\main\AndroidManifest.xml:26:9-30:25
action#android.intent.action.MAIN
ADDED from src\main\AndroidManifest.xml:27:13-65
	android:name
		ADDED from src\main\AndroidManifest.xml:27:21-62
category#android.intent.category.LAUNCHER
ADDED from src\main\AndroidManifest.xml:29:13-73
	android:name
		ADDED from src\main\AndroidManifest.xml:29:23-70
activity#com.tcv.peliculas.view.PeliculaDetailsActivity
ADDED from src\main\AndroidManifest.xml:34:9-65
	android:name
		ADDED from src\main\AndroidManifest.xml:34:19-63
activity#com.tcv.peliculas.view.VerPeliculaActivity
ADDED from src\main\AndroidManifest.xml:35:9-61
	android:name
		ADDED from src\main\AndroidManifest.xml:35:19-59
uses-sdk
INJECTED from src\main\AndroidManifest.xml reason: use-sdk injection requested
INJECTED from src\main\AndroidManifest.xml
INJECTED from src\main\AndroidManifest.xml
MERGED from [AndroidYouTubePlayer-7.0.0.aar] AndroidManifest.xml:7:5-9:41
MERGED from [AndroidYouTubePlayer-7.0.0.aar] AndroidManifest.xml:7:5-9:41
MERGED from [animated-vector-drawable-26.1.0.aar] AndroidManifest.xml:20:5-44
MERGED from [animated-vector-drawable-26.1.0.aar] AndroidManifest.xml:20:5-44
MERGED from [appcompat-v7-26.1.0.aar] AndroidManifest.xml:21:5-23:78
MERGED from [appcompat-v7-26.1.0.aar] AndroidManifest.xml:21:5-23:78
MERGED from [constraint-layout-1.1.0.aar] AndroidManifest.xml:5:5-7:41
MERGED from [constraint-layout-1.1.0.aar] AndroidManifest.xml:5:5-7:41
MERGED from [design-26.1.0.aar] AndroidManifest.xml:21:5-23:62
MERGED from [design-26.1.0.aar] AndroidManifest.xml:21:5-23:62
MERGED from [extensions-1.1.1.aar] AndroidManifest.xml:20:5-44
MERGED from [extensions-1.1.1.aar] AndroidManifest.xml:20:5-44
MERGED from [livedata-1.1.1.aar] AndroidManifest.xml:20:5-44
MERGED from [livedata-1.1.1.aar] AndroidManifest.xml:20:5-44
MERGED from [livedata-core-1.1.1.aar] AndroidManifest.xml:20:5-44
MERGED from [livedata-core-1.1.1.aar] AndroidManifest.xml:20:5-44
MERGED from [palette-v7-26.1.0.aar] AndroidManifest.xml:20:5-44
MERGED from [palette-v7-26.1.0.aar] AndroidManifest.xml:20:5-44
MERGED from [reactivestreams-1.1.1.aar] AndroidManifest.xml:20:5-44
MERGED from [reactivestreams-1.1.1.aar] AndroidManifest.xml:20:5-44
MERGED from [recyclerview-v7-26.1.0.aar] AndroidManifest.xml:20:5-44
MERGED from [recyclerview-v7-26.1.0.aar] AndroidManifest.xml:20:5-44
MERGED from [runtime-1.0.0.aar] AndroidManifest.xml:20:5-22:41
MERGED from [runtime-1.0.0.aar] AndroidManifest.xml:20:5-22:41
MERGED from [runtime-1.1.1.aar] AndroidManifest.xml:20:5-44
MERGED from [runtime-1.1.1.aar] AndroidManifest.xml:20:5-44
MERGED from [support-compat-26.1.0.aar] AndroidManifest.xml:21:5-23:58
MERGED from [support-compat-26.1.0.aar] AndroidManifest.xml:21:5-23:58
MERGED from [support-core-ui-26.1.0.aar] AndroidManifest.xml:21:5-23:58
MERGED from [support-core-ui-26.1.0.aar] AndroidManifest.xml:21:5-23:58
MERGED from [support-core-utils-26.1.0.aar] AndroidManifest.xml:21:5-23:61
MERGED from [support-core-utils-26.1.0.aar] AndroidManifest.xml:21:5-23:61
MERGED from [support-fragment-26.1.0.aar] AndroidManifest.xml:21:5-23:60
MERGED from [support-fragment-26.1.0.aar] AndroidManifest.xml:21:5-23:60
MERGED from [support-media-compat-26.1.0.aar] AndroidManifest.xml:21:5-23:63
MERGED from [support-media-compat-26.1.0.aar] AndroidManifest.xml:21:5-23:63
MERGED from [support-v4-26.1.0.aar] AndroidManifest.xml:21:5-23:54
MERGED from [support-v4-26.1.0.aar] AndroidManifest.xml:21:5-23:54
MERGED from [support-vector-drawable-26.1.0.aar] AndroidManifest.xml:20:5-44
MERGED from [support-vector-drawable-26.1.0.aar] AndroidManifest.xml:20:5-44
MERGED from [transition-26.1.0.aar] AndroidManifest.xml:20:5-44
MERGED from [transition-26.1.0.aar] AndroidManifest.xml:20:5-44
MERGED from [viewmodel-1.1.1.aar] AndroidManifest.xml:20:5-44
MERGED from [viewmodel-1.1.1.aar] AndroidManifest.xml:20:5-44
INJECTED from src\main\AndroidManifest.xml
INJECTED from src\main\AndroidManifest.xml
	tools:overrideLibrary
		ADDED from [appcompat-v7-26.1.0.aar] AndroidManifest.xml:23:9-75
	android:targetSdkVersion
		INJECTED from src\main\AndroidManifest.xml
		ADDED from src\main\AndroidManifest.xml
		INJECTED from src\main\AndroidManifest.xml
	android:minSdkVersion
		INJECTED from src\main\AndroidManifest.xml
		ADDED from src\main\AndroidManifest.xml
		INJECTED from src\main\AndroidManifest.xml
uses-permission#android.permission.ACCESS_NETWORK_STATE
ADDED from [AndroidYouTubePlayer-7.0.0.aar] AndroidManifest.xml:12:5-79
	android:name
		ADDED from [AndroidYouTubePlayer-7.0.0.aar] AndroidManifest.xml:12:22-76
meta-data#android.support.VERSION
ADDED from [animated-vector-drawable-26.1.0.aar] AndroidManifest.xml:23:9-25:38
MERGED from [appcompat-v7-26.1.0.aar] AndroidManifest.xml:26:9-28:38
MERGED from [appcompat-v7-26.1.0.aar] AndroidManifest.xml:26:9-28:38
MERGED from [design-26.1.0.aar] AndroidManifest.xml:26:9-28:38
MERGED from [design-26.1.0.aar] AndroidManifest.xml:26:9-28:38
MERGED from [palette-v7-26.1.0.aar] AndroidManifest.xml:23:9-25:38
MERGED from [palette-v7-26.1.0.aar] AndroidManifest.xml:23:9-25:38
MERGED from [recyclerview-v7-26.1.0.aar] AndroidManifest.xml:23:9-25:38
MERGED from [recyclerview-v7-26.1.0.aar] AndroidManifest.xml:23:9-25:38
MERGED from [support-compat-26.1.0.aar] AndroidManifest.xml:26:9-28:38
MERGED from [support-compat-26.1.0.aar] AndroidManifest.xml:26:9-28:38
MERGED from [support-core-ui-26.1.0.aar] AndroidManifest.xml:26:9-28:38
MERGED from [support-core-ui-26.1.0.aar] AndroidManifest.xml:26:9-28:38
MERGED from [support-core-utils-26.1.0.aar] AndroidManifest.xml:26:9-28:38
MERGED from [support-core-utils-26.1.0.aar] AndroidManifest.xml:26:9-28:38
MERGED from [support-fragment-26.1.0.aar] AndroidManifest.xml:26:9-28:38
MERGED from [support-fragment-26.1.0.aar] AndroidManifest.xml:26:9-28:38
MERGED from [support-media-compat-26.1.0.aar] AndroidManifest.xml:26:9-28:38
MERGED from [support-media-compat-26.1.0.aar] AndroidManifest.xml:26:9-28:38
MERGED from [support-v4-26.1.0.aar] AndroidManifest.xml:26:9-28:38
MERGED from [support-v4-26.1.0.aar] AndroidManifest.xml:26:9-28:38
MERGED from [support-vector-drawable-26.1.0.aar] AndroidManifest.xml:23:9-25:38
MERGED from [support-vector-drawable-26.1.0.aar] AndroidManifest.xml:23:9-25:38
MERGED from [transition-26.1.0.aar] AndroidManifest.xml:23:9-25:38
MERGED from [transition-26.1.0.aar] AndroidManifest.xml:23:9-25:38
	android:value
		ADDED from [animated-vector-drawable-26.1.0.aar] AndroidManifest.xml:25:13-35
	android:name
		ADDED from [animated-vector-drawable-26.1.0.aar] AndroidManifest.xml:24:13-51
provider#android.arch.lifecycle.ProcessLifecycleOwnerInitializer
ADDED from [extensions-1.1.1.aar] AndroidManifest.xml:23:9-27:43
	android:authorities
		ADDED from [extensions-1.1.1.aar] AndroidManifest.xml:25:13-68
	android:multiprocess
		ADDED from [extensions-1.1.1.aar] AndroidManifest.xml:27:13-40
	android:exported
		ADDED from [extensions-1.1.1.aar] AndroidManifest.xml:26:13-37
	android:name
		ADDED from [extensions-1.1.1.aar] AndroidManifest.xml:24:13-83
meta-data#android.arch.lifecycle.VERSION
ADDED from [runtime-1.0.0.aar] AndroidManifest.xml:25:9-27:47
	android:value
		ADDED from [runtime-1.0.0.aar] AndroidManifest.xml:27:13-44
	android:name
		ADDED from [runtime-1.0.0.aar] AndroidManifest.xml:26:13-58